{"contracts/Crowdfund.sol":{"l":{"50":24,"60":22,"61":1,"62":21,"63":1,"64":20,"65":1,"66":19,"67":19,"77":19,"89":14,"90":14,"91":1,"92":13,"93":1,"94":12,"95":1,"100":11,"101":11,"103":11,"107":6,"108":6,"109":1,"110":5,"111":1,"112":4,"113":1,"118":3,"119":1,"121":2,"123":2,"125":2,"128":2,"131":2,"132":0,"134":2,"135":2,"139":3,"140":3,"141":1,"142":2,"143":1,"144":1,"145":1,"149":3,"150":3,"151":1,"152":2,"153":1,"154":1,"155":1,"156":1,"157":1,"158":0,"161":1,"165":3,"166":3,"167":1,"168":2,"169":1,"174":1,"175":1,"176":1,"177":1,"178":0,"180":1,"184":1,"188":0,"192":0,"200":1,"204":0},"path":"/home/elpoeta/workspaces/solidity/decentralized-crowdfunding-smart-contract/contracts/Crowdfund.sol","s":{"1":24,"2":22,"3":21,"4":20,"5":19,"6":19,"7":14,"8":14,"9":13,"10":12,"11":11,"12":11,"13":11,"14":6,"15":6,"16":5,"17":4,"18":3,"19":2,"20":2,"21":2,"22":2,"23":2,"24":2,"25":2,"26":3,"27":3,"28":2,"29":1,"30":3,"31":3,"32":2,"33":1,"34":1,"35":1,"36":1,"37":1,"38":3,"39":3,"40":2,"41":1,"42":1,"43":1,"44":1,"45":1,"46":1,"47":0,"48":0,"49":1,"50":0},"b":{"1":[1,21],"2":[1,20],"3":[1,19],"4":[1,13],"5":[1,12],"6":[1,11],"7":[1,5],"8":[1,4],"9":[1,3],"10":[1,2],"11":[0,2],"12":[1,2],"13":[1,1],"14":[1,2],"15":[1,1],"16":[0,1],"17":[1,2],"18":[1,1],"19":[0,1]},"f":{"1":24,"2":22,"3":14,"4":6,"5":3,"6":3,"7":3,"8":1,"9":0,"10":0,"11":1,"12":0},"fnMap":{"1":{"name":"constructor","line":49,"loc":{"start":{"line":49,"column":4},"end":{"line":51,"column":4}}},"2":{"name":"launchCampign","line":53,"loc":{"start":{"line":53,"column":4},"end":{"line":86,"column":4}}},"3":{"name":"pledge","line":88,"loc":{"start":{"line":88,"column":4},"end":{"line":104,"column":4}}},"4":{"name":"claim","line":106,"loc":{"start":{"line":106,"column":4},"end":{"line":136,"column":4}}},"5":{"name":"cancel","line":138,"loc":{"start":{"line":138,"column":4},"end":{"line":146,"column":4}}},"6":{"name":"unpledge","line":148,"loc":{"start":{"line":148,"column":4},"end":{"line":162,"column":4}}},"7":{"name":"refund","line":164,"loc":{"start":{"line":164,"column":4},"end":{"line":181,"column":4}}},"8":{"name":"getOwner","line":183,"loc":{"start":{"line":183,"column":4},"end":{"line":185,"column":4}}},"9":{"name":"getBalance","line":187,"loc":{"start":{"line":187,"column":4},"end":{"line":189,"column":4}}},"10":{"name":"getCampignsCount","line":191,"loc":{"start":{"line":191,"column":4},"end":{"line":193,"column":4}}},"11":{"name":"getCampaignAtIndex","line":195,"loc":{"start":{"line":195,"column":4},"end":{"line":201,"column":4}}},"12":{"name":"getMyPledgedAmount","line":203,"loc":{"start":{"line":203,"column":4},"end":{"line":205,"column":4}}}},"statementMap":{"1":{"start":{"line":50,"column":8},"end":{"line":50,"column":23}},"2":{"start":{"line":60,"column":8},"end":{"line":60,"column":1736}},"3":{"start":{"line":62,"column":8},"end":{"line":62,"column":1851}},"4":{"start":{"line":64,"column":8},"end":{"line":64,"column":1961}},"5":{"start":{"line":67,"column":8},"end":{"line":67,"column":2048}},"6":{"start":{"line":77,"column":8},"end":{"line":77,"column":2371}},"7":{"start":{"line":89,"column":8},"end":{"line":89,"column":52}},"8":{"start":{"line":90,"column":8},"end":{"line":90,"column":2752}},"9":{"start":{"line":92,"column":8},"end":{"line":92,"column":2863}},"10":{"start":{"line":94,"column":8},"end":{"line":94,"column":2925}},"11":{"start":{"line":100,"column":8},"end":{"line":100,"column":36}},"12":{"start":{"line":101,"column":8},"end":{"line":101,"column":52}},"13":{"start":{"line":103,"column":8},"end":{"line":103,"column":47}},"14":{"start":{"line":107,"column":8},"end":{"line":107,"column":52}},"15":{"start":{"line":108,"column":8},"end":{"line":108,"column":3487}},"16":{"start":{"line":110,"column":8},"end":{"line":110,"column":3598}},"17":{"start":{"line":112,"column":8},"end":{"line":112,"column":3660}},"18":{"start":{"line":118,"column":8},"end":{"line":118,"column":3946}},"19":{"start":{"line":121,"column":8},"end":{"line":121,"column":48}},"20":{"start":{"line":123,"column":8},"end":{"line":123,"column":59}},"21":{"start":{"line":125,"column":8},"end":{"line":125,"column":4101}},"22":{"start":{"line":128,"column":8},"end":{"line":128,"column":4205}},"23":{"start":{"line":131,"column":8},"end":{"line":131,"column":4311}},"24":{"start":{"line":134,"column":8},"end":{"line":134,"column":30}},"25":{"start":{"line":135,"column":8},"end":{"line":135,"column":23}},"26":{"start":{"line":139,"column":8},"end":{"line":139,"column":51}},"27":{"start":{"line":140,"column":8},"end":{"line":140,"column":4632}},"28":{"start":{"line":142,"column":8},"end":{"line":142,"column":4741}},"29":{"start":{"line":145,"column":8},"end":{"line":145,"column":24}},"30":{"start":{"line":149,"column":8},"end":{"line":149,"column":52}},"31":{"start":{"line":150,"column":8},"end":{"line":150,"column":5033}},"32":{"start":{"line":152,"column":8},"end":{"line":152,"column":5123}},"33":{"start":{"line":154,"column":8},"end":{"line":154,"column":34}},"34":{"start":{"line":155,"column":8},"end":{"line":155,"column":50}},"35":{"start":{"line":156,"column":8},"end":{"line":156,"column":71}},"36":{"start":{"line":157,"column":8},"end":{"line":157,"column":5352}},"37":{"start":{"line":161,"column":8},"end":{"line":161,"column":47}},"38":{"start":{"line":165,"column":8},"end":{"line":165,"column":51}},"39":{"start":{"line":166,"column":8},"end":{"line":166,"column":5643}},"40":{"start":{"line":168,"column":8},"end":{"line":168,"column":5705}},"41":{"start":{"line":174,"column":8},"end":{"line":174,"column":54}},"42":{"start":{"line":175,"column":8},"end":{"line":175,"column":43}},"43":{"start":{"line":176,"column":8},"end":{"line":176,"column":67}},"44":{"start":{"line":177,"column":8},"end":{"line":177,"column":6092}},"45":{"start":{"line":180,"column":8},"end":{"line":180,"column":41}},"46":{"start":{"line":184,"column":8},"end":{"line":184,"column":22}},"47":{"start":{"line":188,"column":8},"end":{"line":188,"column":36}},"48":{"start":{"line":192,"column":8},"end":{"line":192,"column":30}},"49":{"start":{"line":200,"column":8},"end":{"line":200,"column":33}},"50":{"start":{"line":204,"column":8},"end":{"line":204,"column":49}}},"branchMap":{"1":{"line":60,"type":"if","locations":[{"start":{"line":60,"column":8},"end":{"line":60,"column":8}},{"start":{"line":60,"column":8},"end":{"line":60,"column":8}}]},"2":{"line":62,"type":"if","locations":[{"start":{"line":62,"column":8},"end":{"line":62,"column":8}},{"start":{"line":62,"column":8},"end":{"line":62,"column":8}}]},"3":{"line":64,"type":"if","locations":[{"start":{"line":64,"column":8},"end":{"line":64,"column":8}},{"start":{"line":64,"column":8},"end":{"line":64,"column":8}}]},"4":{"line":90,"type":"if","locations":[{"start":{"line":90,"column":8},"end":{"line":90,"column":8}},{"start":{"line":90,"column":8},"end":{"line":90,"column":8}}]},"5":{"line":92,"type":"if","locations":[{"start":{"line":92,"column":8},"end":{"line":92,"column":8}},{"start":{"line":92,"column":8},"end":{"line":92,"column":8}}]},"6":{"line":94,"type":"if","locations":[{"start":{"line":94,"column":8},"end":{"line":94,"column":8}},{"start":{"line":94,"column":8},"end":{"line":94,"column":8}}]},"7":{"line":108,"type":"if","locations":[{"start":{"line":108,"column":8},"end":{"line":108,"column":8}},{"start":{"line":108,"column":8},"end":{"line":108,"column":8}}]},"8":{"line":110,"type":"if","locations":[{"start":{"line":110,"column":8},"end":{"line":110,"column":8}},{"start":{"line":110,"column":8},"end":{"line":110,"column":8}}]},"9":{"line":112,"type":"if","locations":[{"start":{"line":112,"column":8},"end":{"line":112,"column":8}},{"start":{"line":112,"column":8},"end":{"line":112,"column":8}}]},"10":{"line":118,"type":"if","locations":[{"start":{"line":118,"column":8},"end":{"line":118,"column":8}},{"start":{"line":118,"column":8},"end":{"line":118,"column":8}}]},"11":{"line":131,"type":"if","locations":[{"start":{"line":131,"column":8},"end":{"line":131,"column":8}},{"start":{"line":131,"column":8},"end":{"line":131,"column":8}}]},"12":{"line":140,"type":"if","locations":[{"start":{"line":140,"column":8},"end":{"line":140,"column":8}},{"start":{"line":140,"column":8},"end":{"line":140,"column":8}}]},"13":{"line":142,"type":"if","locations":[{"start":{"line":142,"column":8},"end":{"line":142,"column":8}},{"start":{"line":142,"column":8},"end":{"line":142,"column":8}}]},"14":{"line":150,"type":"if","locations":[{"start":{"line":150,"column":8},"end":{"line":150,"column":8}},{"start":{"line":150,"column":8},"end":{"line":150,"column":8}}]},"15":{"line":152,"type":"if","locations":[{"start":{"line":152,"column":8},"end":{"line":152,"column":8}},{"start":{"line":152,"column":8},"end":{"line":152,"column":8}}]},"16":{"line":157,"type":"if","locations":[{"start":{"line":157,"column":8},"end":{"line":157,"column":8}},{"start":{"line":157,"column":8},"end":{"line":157,"column":8}}]},"17":{"line":166,"type":"if","locations":[{"start":{"line":166,"column":8},"end":{"line":166,"column":8}},{"start":{"line":166,"column":8},"end":{"line":166,"column":8}}]},"18":{"line":168,"type":"if","locations":[{"start":{"line":168,"column":8},"end":{"line":168,"column":8}},{"start":{"line":168,"column":8},"end":{"line":168,"column":8}}]},"19":{"line":177,"type":"if","locations":[{"start":{"line":177,"column":8},"end":{"line":177,"column":8}},{"start":{"line":177,"column":8},"end":{"line":177,"column":8}}]}}},"contracts/CrowdfundFactory.sol":{"l":{"13":3,"17":24,"18":24,"19":24,"23":24},"path":"/home/elpoeta/workspaces/solidity/decentralized-crowdfunding-smart-contract/contracts/CrowdfundFactory.sol","s":{"1":3,"2":24,"3":24,"4":24,"5":24},"b":{},"f":{"1":3,"2":24,"3":24},"fnMap":{"1":{"name":"constructor","line":12,"loc":{"start":{"line":12,"column":4},"end":{"line":14,"column":4}}},"2":{"name":"createCrowdfund","line":16,"loc":{"start":{"line":16,"column":4},"end":{"line":20,"column":4}}},"3":{"name":"getCrowdfundDeployed","line":22,"loc":{"start":{"line":22,"column":4},"end":{"line":24,"column":4}}}},"statementMap":{"1":{"start":{"line":13,"column":8},"end":{"line":13,"column":27}},"2":{"start":{"line":17,"column":8},"end":{"line":17,"column":52}},"3":{"start":{"line":18,"column":8},"end":{"line":18,"column":43}},"4":{"start":{"line":19,"column":8},"end":{"line":19,"column":49}},"5":{"start":{"line":23,"column":8},"end":{"line":23,"column":35}}},"branchMap":{}}}